<beans xmlns="http://www.springframework.org/schema/beans"
	xmlns:batch="http://www.springframework.org/schema/batch" 
	xmlns:mongo="http://www.springframework.org/schema/data/mongo"
	xmlns:xsi="http://www.w3.org/2001/XMLSchema-instance"
	xmlns:tx="http://www.springframework.org/schema/tx"
	xsi:schemaLocation="http://www.springframework.org/schema/batch
		http://www.springframework.org/schema/batch/spring-batch-3.0.xsd
		http://www.springframework.org/schema/data/mongo
        http://www.springframework.org/schema/data/mongo/spring-mongo-1.0.xsd
        http://www.springframework.org/schema/tx
        http://www.springframework.org/schema/tx/spring-tx.xsd
		http://www.springframework.org/schema/beans 
		http://www.springframework.org/schema/beans/spring-beans-4.0.xsd">
	
	<bean id="jobProperties" class="org.springframework.beans.factory.config.PropertyPlaceholderConfigurer">
		<property name="location" value="classpath:application.properties" />
	</bean>
	
		<!--  Handy http support -->
	<bean id="restTemplate" class="org.springframework.web.client.RestTemplate">
	    <constructor-arg>
	        <bean class="org.springframework.http.client.HttpComponentsClientHttpRequestFactory">
	            <property name="readTimeout" value="${application.urlReadTimeout}" />
	            <property name="connectTimeout" value="${application.urlConnectionTimeout}" />
	        </bean>
	    </constructor-arg>
	</bean>	
</beans>